<?xml version="1.0" encoding="UTF-8"?>
<testsuite name="testRunner.DashboardPageTestRunner" tests="3" skipped="0" failures="0" errors="0" timestamp="2024-12-16T17:33:27" hostname="AK" time="7.018">
  <properties/>
  <testcase name="addCost" classname="testRunner.DashboardPageTestRunner" time="1.668"/>
  <testcase name="editItem" classname="testRunner.DashboardPageTestRunner" time="4.089"/>
  <testcase name="deleteItem" classname="testRunner.DashboardPageTestRunner" time="1.249"/>
  <system-out><![CDATA[]]></system-out>
  <system-err><![CDATA[]]></system-err>
</testsuite>
