<?xml version="1.0" encoding="UTF-8"?>
<testsuite name="testRunner.ProfilePageTestRunner" tests="1" skipped="0" failures="0" errors="0" timestamp="2024-12-16T17:33:43" hostname="AK" time="7.65">
  <properties/>
  <testcase name="userProfileEdit" classname="testRunner.ProfilePageTestRunner" time="7.65"/>
  <system-out><![CDATA[]]></system-out>
  <system-err><![CDATA[]]></system-err>
</testsuite>
